<?xml version="1.0" encoding="UTF-8"?>
<testsuites>
  <testsuite name="fastlane.lanes">
    
    
    
      
      <testcase classname="fastlane.lanes" name="0: default_platform" time="0.000398">
        
      </testcase>
    
      
      <testcase classname="fastlane.lanes" name="1: ensure_git_status_clean" time="0.025406">
        
      </testcase>
    
      
      <testcase classname="fastlane.lanes" name="2: git fetch origin test-1" time="0.491142">
        
      </testcase>
    
      
      <testcase classname="fastlane.lanes" name="3: git checkout test-1" time="0.024063">
        
      </testcase>
    
      
      <testcase classname="fastlane.lanes" name="4: git reset --hard origin/test-1" time="0.025867">
        
      </testcase>
    
      
      <testcase classname="fastlane.lanes" name="5: Switch to android build lane" time="0.000403">
        
      </testcase>
    
      
      <testcase classname="fastlane.lanes" name="6: clean" time="2.010211">
        
      </testcase>
    
      
      <testcase classname="fastlane.lanes" name="7: assemblereleaseRelease" time="1.680587">
        
          <failure message="/usr/local/Cellar/fastlane/2.199.0/libexec/gems/fastlane-2.199.0/fastlane/lib/fastlane/actions/actions_helper.rb:67:in `execute_action&apos;&#10;/usr/local/Cellar/fastlane/2.199.0/libexec/gems/fastlane-2.199.0/fastlane/lib/fastlane/runner.rb:255:in `block in execute_action&apos;&#10;/usr/local/Cellar/fastlane/2.199.0/libexec/gems/fastlane-2.199.0/fastlane/lib/fastlane/runner.rb:229:in `chdir&apos;&#10;/usr/local/Cellar/fastlane/2.199.0/libexec/gems/fastlane-2.199.0/fastlane/lib/fastlane/runner.rb:229:in `execute_action&apos;&#10;/usr/local/Cellar/fastlane/2.199.0/libexec/gems/fastlane-2.199.0/fastlane/lib/fastlane/runner.rb:157:in `trigger_action_by_name&apos;&#10;/usr/local/Cellar/fastlane/2.199.0/libexec/gems/fastlane-2.199.0/fastlane/lib/fastlane/fast_file.rb:159:in `method_missing&apos;&#10;Fastfile:15:in `block (2 levels) in parsing_binding&apos;&#10;/usr/local/Cellar/fastlane/2.199.0/libexec/gems/fastlane-2.199.0/fastlane/lib/fastlane/lane.rb:33:in `call&apos;&#10;/usr/local/Cellar/fastlane/2.199.0/libexec/gems/fastlane-2.199.0/fastlane/lib/fastlane/runner.rb:204:in `try_switch_to_lane&apos;&#10;/usr/local/Cellar/fastlane/2.199.0/libexec/gems/fastlane-2.199.0/fastlane/lib/fastlane/runner.rb:146:in `trigger_action_by_name&apos;&#10;/usr/local/Cellar/fastlane/2.199.0/libexec/gems/fastlane-2.199.0/fastlane/lib/fastlane/fast_file.rb:159:in `method_missing&apos;&#10;Fastfile:39:in `block (2 levels) in parsing_binding&apos;&#10;/usr/local/Cellar/fastlane/2.199.0/libexec/gems/fastlane-2.199.0/fastlane/lib/fastlane/lane.rb:33:in `call&apos;&#10;/usr/local/Cellar/fastlane/2.199.0/libexec/gems/fastlane-2.199.0/fastlane/lib/fastlane/runner.rb:49:in `block in execute&apos;&#10;/usr/local/Cellar/fastlane/2.199.0/libexec/gems/fastlane-2.199.0/fastlane/lib/fastlane/runner.rb:45:in `chdir&apos;&#10;/usr/local/Cellar/fastlane/2.199.0/libexec/gems/fastlane-2.199.0/fastlane/lib/fastlane/runner.rb:45:in `execute&apos;&#10;/usr/local/Cellar/fastlane/2.199.0/libexec/gems/fastlane-2.199.0/fastlane/lib/fastlane/lane_manager.rb:47:in `cruise_lane&apos;&#10;/usr/local/Cellar/fastlane/2.199.0/libexec/gems/fastlane-2.199.0/fastlane/lib/fastlane/command_line_handler.rb:36:in `handle&apos;&#10;/usr/local/Cellar/fastlane/2.199.0/libexec/gems/fastlane-2.199.0/fastlane/lib/fastlane/commands_generator.rb:109:in `block (2 levels) in run&apos;&#10;/usr/local/Cellar/fastlane/2.199.0/libexec/gems/commander-4.6.0/lib/commander/command.rb:187:in `call&apos;&#10;/usr/local/Cellar/fastlane/2.199.0/libexec/gems/commander-4.6.0/lib/commander/command.rb:157:in `run&apos;&#10;/usr/local/Cellar/fastlane/2.199.0/libexec/gems/commander-4.6.0/lib/commander/runner.rb:444:in `run_active_command&apos;&#10;/usr/local/Cellar/fastlane/2.199.0/libexec/gems/fastlane-2.199.0/fastlane_core/lib/fastlane_core/ui/fastlane_runner.rb:117:in `run!&apos;&#10;/usr/local/Cellar/fastlane/2.199.0/libexec/gems/commander-4.6.0/lib/commander/delegates.rb:18:in `run!&apos;&#10;/usr/local/Cellar/fastlane/2.199.0/libexec/gems/fastlane-2.199.0/fastlane/lib/fastlane/commands_generator.rb:353:in `run&apos;&#10;/usr/local/Cellar/fastlane/2.199.0/libexec/gems/fastlane-2.199.0/fastlane/lib/fastlane/commands_generator.rb:42:in `start&apos;&#10;/usr/local/Cellar/fastlane/2.199.0/libexec/gems/fastlane-2.199.0/fastlane/lib/fastlane/cli_tools_distributor.rb:122:in `take_off&apos;&#10;/usr/local/Cellar/fastlane/2.199.0/libexec/gems/fastlane-2.199.0/bin/fastlane:23:in `&lt;top (required)&gt;&apos;&#10;/usr/local/Cellar/fastlane/2.199.0/libexec/bin/fastlane:25:in `load&apos;&#10;/usr/local/Cellar/fastlane/2.199.0/libexec/bin/fastlane:25:in `&lt;main&gt;&apos;&#10;&#10;Shell command exited with exit status 1 instead of 0.&#10;WARNING:: Please remove usages of `jcenter()` Maven repository from your build scripts and migrate your build to other Maven repositories.&#10;This repository is deprecated and it will be shut down in the future.&#10;See http://developer.android.com/r/tools/jcenter-end-of-service for more information.&#10;Currently detected usages in: root project &apos;FastLaneTestApp&apos;, project &apos;:app&apos;&#10;&#10;FAILURE: Build failed with an exception.&#10;&#10;* What went wrong:&#10;Task &apos;assemblereleaseRelease&apos; not found in root project &apos;FastLaneTestApp&apos;.&#10;&#10;* Try:&#10;Run gradlew tasks to get a list of available tasks. Run with --stacktrace option to get the stack trace. Run with --info or --debug option to get more log output. Run with --scan to get full insights.&#10;&#10;* Get more help at https://help.gradle.org&#10;&#10;BUILD FAILED in 1s&#10;" />
        
      </testcase>
    
  </testsuite>
</testsuites>
